# JRE version: Java(TM) SE Runtime Environment (8.0_181-b13) (build 1.8.0_181-b13)
# Java VM: Java HotSpot(TM) 64-Bit Server VM (25.181-b13 mixed mode windows-amd64 compressed oops)
Heap:
 PSYoungGen      total 318976K, used 28959K [0x000000076b300000, 0x0000000781300000, 0x00000007c0000000)
  eden space 305664K, 9% used [0x000000076b300000,0x000000076cf47e80,0x000000077dd80000)
  from space 13312K, 0% used [0x0000000780600000,0x0000000780600000,0x0000000781300000)
  to   space 24576K, 0% used [0x000000077e300000,0x000000077e300000,0x000000077fb00000)
 ParOldGen       total 208384K, used 28823K [0x00000006c1800000, 0x00000006ce380000, 0x000000076b300000)
  object space 208384K, 13% used [0x00000006c1800000,0x00000006c3425c38,0x00000006ce380000)
 Metaspace       used 57192K, capacity 59782K, committed 59904K, reserved 1101824K
  class space    used 7899K, capacity 8376K, committed 8448K, reserved 1048576K
GC Heap History (10 events):
Event: 2.680 GC heap before
{Heap before GC invocations=5 (full 1):
 PSYoungGen      total 141824K, used 114703K [0x000000076b300000, 0x000000077a080000, 0x00000007c0000000)
  eden space 131072K, 79% used [0x000000076b300000,0x00000007718c4ec0,0x0000000773300000)
  from space 10752K, 97% used [0x0000000773300000,0x0000000773d3eda8,0x0000000773d80000)
  to   space 10752K, 0% used [0x0000000779600000,0x0000000779600000,0x000000077a080000)
 ParOldGen       total 94720K, used 10452K [0x00000006c1800000, 0x00000006c7480000, 0x000000076b300000)
  object space 94720K, 11% used [0x00000006c1800000,0x00000006c22351f0,0x00000006c7480000)
 Metaspace       used 33828K, capacity 35398K, committed 35496K, reserved 1079296K
  class space    used 4470K, capacity 4782K, committed 4864K, reserved 1048576K
Event: 2.728 GC heap after
Heap after GC invocations=5 (full 1):
 PSYoungGen      total 232448K, used 10740K [0x000000076b300000, 0x000000077a100000, 0x00000007c0000000)
  eden space 221696K, 0% used [0x000000076b300000,0x000000076b300000,0x0000000778b80000)
  from space 10752K, 99% used [0x0000000779600000,0x000000077a07d398,0x000000077a080000)
  to   space 10752K, 0% used [0x0000000778b80000,0x0000000778b80000,0x0000000779600000)
 ParOldGen       total 94720K, used 17305K [0x00000006c1800000, 0x00000006c7480000, 0x000000076b300000)
  object space 94720K, 18% used [0x00000006c1800000,0x00000006c28e66b8,0x00000006c7480000)
 Metaspace       used 33828K, capacity 35398K, committed 35496K, reserved 1079296K
  class space    used 4470K, capacity 4782K, committed 4864K, reserved 1048576K
}
Event: 2.728 GC heap before
{Heap before GC invocations=6 (full 2):
 PSYoungGen      total 232448K, used 10740K [0x000000076b300000, 0x000000077a100000, 0x00000007c0000000)
  eden space 221696K, 0% used [0x000000076b300000,0x000000076b300000,0x0000000778b80000)
  from space 10752K, 99% used [0x0000000779600000,0x000000077a07d398,0x000000077a080000)
  to   space 10752K, 0% used [0x0000000778b80000,0x0000000778b80000,0x0000000779600000)
 ParOldGen       total 94720K, used 17305K [0x00000006c1800000, 0x00000006c7480000, 0x000000076b300000)
  object space 94720K, 18% used [0x00000006c1800000,0x00000006c28e66b8,0x00000006c7480000)
 Metaspace       used 33828K, capacity 35398K, committed 35496K, reserved 1079296K
  class space    used 4470K, capacity 4782K, committed 4864K, reserved 1048576K
Event: 2.860 GC heap after
Heap after GC invocations=6 (full 2):
 PSYoungGen      total 232448K, used 0K [0x000000076b300000, 0x000000077a100000, 0x00000007c0000000)
  eden space 221696K, 0% used [0x000000076b300000,0x000000076b300000,0x0000000778b80000)
  from space 10752K, 0% used [0x0000000779600000,0x0000000779600000,0x000000077a080000)
  to   space 10752K, 0% used [0x0000000778b80000,0x0000000778b80000,0x0000000779600000)
 ParOldGen       total 153600K, used 22031K [0x00000006c1800000, 0x00000006cae00000, 0x000000076b300000)
  object space 153600K, 14% used [0x00000006c1800000,0x00000006c2d83e28,0x00000006cae00000)
 Metaspace       used 33828K, capacity 35398K, committed 35496K, reserved 1079296K
  class space    used 4470K, capacity 4782K, committed 4864K, reserved 1048576K
}
Event: 10.613 GC heap before
{Heap before GC invocations=7 (full 2):
 PSYoungGen      total 232448K, used 221696K [0x000000076b300000, 0x000000077a100000, 0x00000007c0000000)
  eden space 221696K, 100% used [0x000000076b300000,0x0000000778b80000,0x0000000778b80000)
  from space 10752K, 0% used [0x0000000779600000,0x0000000779600000,0x000000077a080000)
  to   space 10752K, 0% used [0x0000000778b80000,0x0000000778b80000,0x0000000779600000)
 ParOldGen       total 153600K, used 22031K [0x00000006c1800000, 0x00000006cae00000, 0x000000076b300000)
  object space 153600K, 14% used [0x00000006c1800000,0x00000006c2d83e28,0x00000006cae00000)
 Metaspace       used 53785K, capacity 56272K, committed 56576K, reserved 1097728K
  class space    used 7434K, capacity 7879K, committed 7936K, reserved 1048576K
Event: 10.673 GC heap after
Heap after GC invocations=7 (full 2):
 PSYoungGen      total 232448K, used 10731K [0x000000076b300000, 0x0000000781f80000, 0x00000007c0000000)
  eden space 221696K, 0% used [0x000000076b300000,0x000000076b300000,0x0000000778b80000)
  from space 10752K, 99% used [0x0000000778b80000,0x00000007795fad38,0x0000000779600000)
  to   space 26112K, 0% used [0x0000000780600000,0x0000000780600000,0x0000000781f80000)
 ParOldGen       total 153600K, used 36772K [0x00000006c1800000, 0x00000006cae00000, 0x000000076b300000)
  object space 153600K, 23% used [0x00000006c1800000,0x00000006c3be92f8,0x00000006cae00000)
 Metaspace       used 53785K, capacity 56272K, committed 56576K, reserved 1097728K
  class space    used 7434K, capacity 7879K, committed 7936K, reserved 1048576K
}
Event: 43.994 GC heap before
{Heap before GC invocations=8 (full 2):
 PSYoungGen      total 232448K, used 41985K [0x000000076b300000, 0x0000000781f80000, 0x00000007c0000000)
  eden space 221696K, 14% used [0x000000076b300000,0x000000076d1858e0,0x0000000778b80000)
  from space 10752K, 99% used [0x0000000778b80000,0x00000007795fad38,0x0000000779600000)
  to   space 26112K, 0% used [0x0000000780600000,0x0000000780600000,0x0000000781f80000)
 ParOldGen       total 153600K, used 36772K [0x00000006c1800000, 0x00000006cae00000, 0x000000076b300000)
  object space 153600K, 23% used [0x00000006c1800000,0x00000006c3be92f8,0x00000006cae00000)
 Metaspace       used 56393K, capacity 58912K, committed 59136K, reserved 1099776K
  class space    used 7746K, capacity 8177K, committed 8192K, reserved 1048576K
Event: 44.019 GC heap after
Heap after GC invocations=8 (full 2):
 PSYoungGen      total 318976K, used 13146K [0x000000076b300000, 0x0000000781300000, 0x00000007c0000000)
  eden space 305664K, 0% used [0x000000076b300000,0x000000076b300000,0x000000077dd80000)
  from space 13312K, 98% used [0x0000000780600000,0x00000007812d6908,0x0000000781300000)
  to   space 24576K, 0% used [0x000000077e300000,0x000000077e300000,0x000000077fb00000)
 ParOldGen       total 153600K, used 36780K [0x00000006c1800000, 0x00000006cae00000, 0x000000076b300000)
  object space 153600K, 23% used [0x00000006c1800000,0x00000006c3beb2f8,0x00000006cae00000)
 Metaspace       used 56393K, capacity 58912K, committed 59136K, reserved 1099776K
  class space    used 7746K, capacity 8177K, committed 8192K, reserved 1048576K
}
Event: 44.019 GC heap before
{Heap before GC invocations=9 (full 3):
 PSYoungGen      total 318976K, used 13146K [0x000000076b300000, 0x0000000781300000, 0x00000007c0000000)
  eden space 305664K, 0% used [0x000000076b300000,0x000000076b300000,0x000000077dd80000)
  from space 13312K, 98% used [0x0000000780600000,0x00000007812d6908,0x0000000781300000)
  to   space 24576K, 0% used [0x000000077e300000,0x000000077e300000,0x000000077fb00000)
 ParOldGen       total 153600K, used 36780K [0x00000006c1800000, 0x00000006cae00000, 0x000000076b300000)
  object space 153600K, 23% used [0x00000006c1800000,0x00000006c3beb2f8,0x00000006cae00000)
 Metaspace       used 56393K, capacity 58912K, committed 59136K, reserved 1099776K
  class space    used 7746K, capacity 8177K, committed 8192K, reserved 1048576K
Event: 44.189 GC heap after
Heap after GC invocations=9 (full 3):
 PSYoungGen      total 318976K, used 0K [0x000000076b300000, 0x0000000781300000, 0x00000007c0000000)
  eden space 305664K, 0% used [0x000000076b300000,0x000000076b300000,0x000000077dd80000)
  from space 13312K, 0% used [0x0000000780600000,0x0000000780600000,0x0000000781300000)
  to   space 24576K, 0% used [0x000000077e300000,0x000000077e300000,0x000000077fb00000)
 ParOldGen       total 208384K, used 28823K [0x00000006c1800000, 0x00000006ce380000, 0x000000076b300000)
  object space 208384K, 13% used [0x00000006c1800000,0x00000006c3425c38,0x00000006ce380000)
 Metaspace       used 56391K, capacity 58906K, committed 59136K, reserved 1099776K
  class space    used 7745K, capacity 8176K, committed 8192K, reserved 1048576K
}

